[25/04/2026 16:20:31] SUCESSO: [SISTEMA] Massa de dados injetada com sucesso.
[25/04/2026 16:20:34] SUCESSO: 
[OPERAÇÃO] INICIANDO VARREDURA DE ENTRADAS PADRÃO
[25/04/2026 16:20:34] SUCESSO: 
>>> ANALISANDO: AGENCIA_ERRO.txt
[25/04/2026 16:20:34] SUCESSO:    [PARSER] Iniciando leitura do conteúdo...
[25/04/2026 16:20:34] ERRO:    [NEGOCIO] Rejeitado: Valor numérico inválido na linha: 001;102;VALOR_INVALIDO
[25/04/2026 16:20:34] ERRO: >>> STATUS: REPROCESSAR - AGENCIA_ERRO.txt
[25/04/2026 16:20:34] SUCESSO: 
>>> ANALISANDO: AGENCIA_OK.txt
[25/04/2026 16:20:34] SUCESSO:    [PARSER] Iniciando leitura do conteúdo...
[25/04/2026 16:20:34] SUCESSO:    [NEGOCIO] Lote Identificado: AG-1001
[25/04/2026 16:20:34] SUCESSO:       [TX] 001 -> 102 | R$ 500.00
[25/04/2026 16:20:34] SUCESSO: >>> STATUS: SUCESSO - AGENCIA_OK.txt
[25/04/2026 16:20:34] SUCESSO: 
>>> ANALISANDO: FOTO_CLIENTE.jpg
[25/04/2026 16:20:34] ERRO:    [TRIAGEM] Bloqueado: Extensão não permitida.
[25/04/2026 16:20:34] ERRO: >>> STATUS: QUARENTENA - FOTO_CLIENTE.jpg
[25/04/2026 16:20:34] SUCESSO: 
>>> ANALISANDO: DESCONHECIDO.exe
[25/04/2026 16:20:34] ERRO:    [TRIAGEM] Bloqueado: Extensão não permitida.
[25/04/2026 16:20:34] ERRO: >>> STATUS: QUARENTENA - DESCONHECIDO.exe
[25/04/2026 16:20:34] SUCESSO: 
>>> ANALISANDO: LOTE_FRAUDE.dat
[25/04/2026 16:20:34] SUCESSO:    [PARSER] Iniciando leitura do conteúdo...
[25/04/2026 16:20:34] ERRO:    [NEGOCIO] Rejeitado: Quebra de integridade: Soma das transações não confere com o Header.
[25/04/2026 16:20:34] ERRO: >>> STATUS: REPROCESSAR - LOTE_FRAUDE.dat
[25/04/2026 16:20:34] SUCESSO: 
>>> ANALISANDO: LOTE_OK.dat
[25/04/2026 16:20:34] SUCESSO:    [PARSER] Iniciando leitura do conteúdo...
[25/04/2026 16:20:34] SUCESSO:    [NEGOCIO] Lote Identificado: SC-1001
[25/04/2026 16:20:34] SUCESSO:       [TX] ORIGEM -> DESTINO | R$ 100.0
[25/04/2026 16:20:34] SUCESSO: >>> STATUS: SUCESSO - LOTE_OK.dat
[25/04/2026 16:20:34] SUCESSO: [OPERAÇÃO] VARREDURA DE ENTRADA CONCLUÍDA

[25/04/2026 16:20:45] SUCESSO: 
[OPERAÇÃO] INICIANDO REPROCESSAMENTO DE RETORNOS
[25/04/2026 16:20:45] SUCESSO: [OPERAÇÃO] REPROCESSAMENTO CONCLUÍDO

[26/04/2026 17:44:14] SUCESSO: [SISTEMA] Massa de dados injetada com sucesso.
[27/04/2026 20:36:19] SUCESSO: [SISTEMA] Massa de dados injetada com sucesso.
[27/04/2026 20:36:23] SUCESSO: 
[OPERAÇÃO] INICIANDO VARREDURA DE ENTRADAS PADRÃO
[27/04/2026 20:36:23] SUCESSO: 
>>> ANALISANDO: AGENCIA_ERRO.txt
[27/04/2026 20:36:23] SUCESSO:    [PARSER] Iniciando leitura do conteúdo...
[27/04/2026 20:36:23] ERRO:    [NEGOCIO] Rejeitado: Valor numérico inválido na linha: 001;102;VALOR_INVALIDO
[27/04/2026 20:36:23] ERRO: >>> STATUS: REPROCESSAR - AGENCIA_ERRO.txt
[27/04/2026 20:36:23] SUCESSO: 
>>> ANALISANDO: AGENCIA_OK.txt
[27/04/2026 20:36:23] SUCESSO:    [PARSER] Iniciando leitura do conteúdo...
[27/04/2026 20:36:23] SUCESSO:    [NEGOCIO] Lote Identificado: AG-1001
[27/04/2026 20:36:23] SUCESSO:       [TX] 001 -> 102 | R$ 500.00
[27/04/2026 20:36:23] SUCESSO: >>> STATUS: SUCESSO - AGENCIA_OK.txt
[27/04/2026 20:36:23] SUCESSO: 
>>> ANALISANDO: FOTO_CLIENTE.jpg
[27/04/2026 20:36:23] ERRO:    [TRIAGEM] Bloqueado: Extensão não permitida.
[27/04/2026 20:36:23] ERRO: >>> STATUS: QUARENTENA - FOTO_CLIENTE.jpg
[27/04/2026 20:36:23] SUCESSO: 
>>> ANALISANDO: DESCONHECIDO.exe
[27/04/2026 20:36:23] ERRO:    [TRIAGEM] Bloqueado: Extensão não permitida.
[27/04/2026 20:36:23] ERRO: >>> STATUS: QUARENTENA - DESCONHECIDO.exe
[27/04/2026 20:36:23] SUCESSO: 
>>> ANALISANDO: LOTE_FRAUDE.dat
[27/04/2026 20:36:23] SUCESSO:    [PARSER] Iniciando leitura do conteúdo...
[27/04/2026 20:36:23] ERRO:    [NEGOCIO] Rejeitado: Quebra de integridade: Soma das transações não confere com o Header.
[27/04/2026 20:36:23] ERRO: >>> STATUS: REPROCESSAR - LOTE_FRAUDE.dat
[27/04/2026 20:36:23] SUCESSO: 
>>> ANALISANDO: LOTE_OK.dat
[27/04/2026 20:36:23] SUCESSO:    [PARSER] Iniciando leitura do conteúdo...
[27/04/2026 20:36:23] SUCESSO:    [NEGOCIO] Lote Identificado: SC-1001
[27/04/2026 20:36:23] SUCESSO:       [TX] ORIGEM -> DESTINO | R$ 100.0
[27/04/2026 20:36:23] SUCESSO: >>> STATUS: SUCESSO - LOTE_OK.dat
[27/04/2026 20:36:23] SUCESSO: [OPERAÇÃO] VARREDURA DE ENTRADA CONCLUÍDA

[27/04/2026 20:38:33] SUCESSO: [SISTEMA] Massa de dados injetada com sucesso.
[27/04/2026 20:38:58] SUCESSO: 
[OPERAÇÃO] INICIANDO VARREDURA DE ENTRADAS PADRÃO
[27/04/2026 20:38:58] SUCESSO: 
>>> ANALISANDO: AGENCIA_ERRO.txt
[27/04/2026 20:38:58] SUCESSO:    [PARSER] Iniciando leitura do conteúdo...
[27/04/2026 20:38:58] ERRO:    [NEGOCIO] Rejeitado: Valor numérico inválido na linha: 001;102;VALOR_INVALIDO
[27/04/2026 20:38:58] ERRO: >>> STATUS: REPROCESSAR - AGENCIA_ERRO.txt
[27/04/2026 20:38:58] SUCESSO: 
>>> ANALISANDO: AGENCIA_OK.txt
[27/04/2026 20:38:58] SUCESSO:    [PARSER] Iniciando leitura do conteúdo...
[27/04/2026 20:38:58] SUCESSO:    [NEGOCIO] Lote Identificado: AG-1001
[27/04/2026 20:38:58] SUCESSO:       [TX] 001 -> 102 | R$ 500.00
[27/04/2026 20:38:58] SUCESSO: >>> STATUS: SUCESSO - AGENCIA_OK.txt
[27/04/2026 20:38:58] SUCESSO: 
>>> ANALISANDO: FOTO_CLIENTE.jpg
[27/04/2026 20:38:58] ERRO:    [TRIAGEM] Bloqueado: Extensão não permitida.
[27/04/2026 20:38:58] ERRO: >>> STATUS: QUARENTENA - FOTO_CLIENTE.jpg
[27/04/2026 20:38:58] SUCESSO: 
>>> ANALISANDO: DESCONHECIDO.exe
[27/04/2026 20:38:58] ERRO:    [TRIAGEM] Bloqueado: Extensão não permitida.
[27/04/2026 20:38:58] ERRO: >>> STATUS: QUARENTENA - DESCONHECIDO.exe
[27/04/2026 20:38:58] SUCESSO: 
>>> ANALISANDO: LOTE_FRAUDE.dat
[27/04/2026 20:38:58] SUCESSO:    [PARSER] Iniciando leitura do conteúdo...
[27/04/2026 20:38:58] ERRO:    [NEGOCIO] Rejeitado: Quebra de integridade: Soma das transações não confere com o Header.
[27/04/2026 20:38:58] ERRO: >>> STATUS: REPROCESSAR - LOTE_FRAUDE.dat
[27/04/2026 20:38:58] SUCESSO: 
>>> ANALISANDO: LOTE_OK.dat
[27/04/2026 20:38:58] SUCESSO:    [PARSER] Iniciando leitura do conteúdo...
[27/04/2026 20:38:58] SUCESSO:    [NEGOCIO] Lote Identificado: SC-1001
[27/04/2026 20:38:58] SUCESSO:       [TX] ORIGEM -> DESTINO | R$ 100.0
[27/04/2026 20:38:58] SUCESSO: >>> STATUS: SUCESSO - LOTE_OK.dat
[27/04/2026 20:38:58] SUCESSO: [OPERAÇÃO] VARREDURA DE ENTRADA CONCLUÍDA

[27/04/2026 20:39:46] SUCESSO: [SIMULAÇÃO] Arquivos corrigidos e movidos para RETORNOS.
[27/04/2026 20:40:23] SUCESSO: 
[OPERAÇÃO] INICIANDO REPROCESSAMENTO DE RETORNOS
[27/04/2026 20:40:23] SUCESSO: 
>>> ANALISANDO: AGENCIA_RECUPERADA.txt
[27/04/2026 20:40:23] SUCESSO:    [PARSER] Iniciando leitura do conteúdo...
[27/04/2026 20:40:23] SUCESSO:    [NEGOCIO] Lote Identificado: AG-1001
[27/04/2026 20:40:23] SUCESSO:       [TX] 001 -> 100 | R$ 250.00
[27/04/2026 20:40:23] SUCESSO: >>> STATUS: SUCESSO - AGENCIA_RECUPERADA.txt
[27/04/2026 20:40:23] SUCESSO: 
>>> ANALISANDO: LOTE_RECUPERADO.dat
[27/04/2026 20:40:23] SUCESSO:    [PARSER] Iniciando leitura do conteúdo...
[27/04/2026 20:40:23] SUCESSO:    [NEGOCIO] Lote Identificado: SC-1066
[27/04/2026 20:40:23] SUCESSO:       [TX] ORIGEM -> DESTINO | R$ 100.0
[27/04/2026 20:40:23] SUCESSO: >>> STATUS: SUCESSO - LOTE_RECUPERADO.dat
[27/04/2026 20:40:23] SUCESSO: [OPERAÇÃO] REPROCESSAMENTO CONCLUÍDO

[28/04/2026 09:23:01] SUCESSO: [SISTEMA] Massa de dados injetada com sucesso.
[28/04/2026 09:23:09] SUCESSO: 
[OPERAÇÃO] INICIANDO VARREDURA DE ENTRADAS PADRÃO
[28/04/2026 09:23:10] SUCESSO: 
>>> ANALISANDO: AGENCIA_ERRO.txt
[28/04/2026 09:23:10] SUCESSO:    [PARSER] Iniciando leitura do conteúdo...
[28/04/2026 09:23:10] ERRO:    [NEGOCIO] Rejeitado: Valor numérico inválido na linha: 001;102;VALOR_INVALIDO
[28/04/2026 09:23:10] ERRO: >>> STATUS: REPROCESSAR - AGENCIA_ERRO.txt
[28/04/2026 09:23:10] SUCESSO: 
>>> ANALISANDO: AGENCIA_OK.txt
[28/04/2026 09:23:10] SUCESSO:    [PARSER] Iniciando leitura do conteúdo...
[28/04/2026 09:23:10] SUCESSO:    [NEGOCIO] Lote Identificado: AG-1001
[28/04/2026 09:23:10] SUCESSO:       [TX] 001 -> 102 | R$ 500.00
[28/04/2026 09:23:10] SUCESSO: >>> STATUS: SUCESSO - AGENCIA_OK.txt
[28/04/2026 09:23:10] SUCESSO: 
>>> ANALISANDO: FOTO_CLIENTE.jpg
[28/04/2026 09:23:10] ERRO:    [TRIAGEM] Bloqueado: Extensão não permitida.
[28/04/2026 09:23:10] ERRO: >>> STATUS: QUARENTENA - FOTO_CLIENTE.jpg
[28/04/2026 09:23:10] SUCESSO: 
>>> ANALISANDO: DESCONHECIDO.exe
[28/04/2026 09:23:10] ERRO:    [TRIAGEM] Bloqueado: Extensão não permitida.
[28/04/2026 09:23:10] ERRO: >>> STATUS: QUARENTENA - DESCONHECIDO.exe
[28/04/2026 09:23:10] SUCESSO: 
>>> ANALISANDO: LOTE_FRAUDE.dat
[28/04/2026 09:23:10] SUCESSO:    [PARSER] Iniciando leitura do conteúdo...
[28/04/2026 09:23:10] ERRO:    [NEGOCIO] Rejeitado: Quebra de integridade: Soma das transações não confere com o Header.
[28/04/2026 09:23:10] ERRO: >>> STATUS: REPROCESSAR - LOTE_FRAUDE.dat
[28/04/2026 09:23:10] SUCESSO: 
>>> ANALISANDO: LOTE_OK.dat
[28/04/2026 09:23:10] SUCESSO:    [PARSER] Iniciando leitura do conteúdo...
[28/04/2026 09:23:10] SUCESSO:    [NEGOCIO] Lote Identificado: SC-1001
[28/04/2026 09:23:10] SUCESSO:       [TX] ORIGEM -> DESTINO | R$ 100.0
[28/04/2026 09:23:10] SUCESSO: >>> STATUS: SUCESSO - LOTE_OK.dat
[28/04/2026 09:23:10] SUCESSO: [OPERAÇÃO] VARREDURA DE ENTRADA CONCLUÍDA

[28/04/2026 14:54:58] SUCESSO: [SISTEMA] Massa de dados injetada com sucesso.
[28/04/2026 14:55:08] SUCESSO: 
[OPERAÇÃO] INICIANDO VARREDURA DE ENTRADAS PADRÃO
[28/04/2026 14:55:08] SUCESSO: 
>>> ANALISANDO: AGENCIA_ERRO.txt
[28/04/2026 14:55:08] SUCESSO:    [PARSER] Iniciando leitura do conteúdo...
[28/04/2026 14:55:08] ERRO:    [NEGOCIO] Rejeitado: Valor numérico inválido na linha: 001;102;VALOR_INVALIDO
[28/04/2026 14:55:08] ERRO: >>> STATUS: REPROCESSAR - AGENCIA_ERRO.txt
[28/04/2026 14:55:08] SUCESSO: 
>>> ANALISANDO: AGENCIA_OK.txt
[28/04/2026 14:55:08] SUCESSO:    [PARSER] Iniciando leitura do conteúdo...
[28/04/2026 14:55:08] SUCESSO:    [NEGOCIO] Lote Identificado: AG-1001
[28/04/2026 14:55:09] SUCESSO:       [TX] 001 -> 102 | R$ 500.00
[28/04/2026 14:55:09] SUCESSO: >>> STATUS: SUCESSO - AGENCIA_OK.txt
[28/04/2026 14:55:09] SUCESSO: 
>>> ANALISANDO: FOTO_CLIENTE.jpg
[28/04/2026 14:55:09] ERRO:    [TRIAGEM] Bloqueado: Extensão não permitida.
[28/04/2026 14:55:09] ERRO: >>> STATUS: QUARENTENA - FOTO_CLIENTE.jpg
[28/04/2026 14:55:09] SUCESSO: 
>>> ANALISANDO: DESCONHECIDO.exe
[28/04/2026 14:55:09] ERRO:    [TRIAGEM] Bloqueado: Extensão não permitida.
[28/04/2026 14:55:09] ERRO: >>> STATUS: QUARENTENA - DESCONHECIDO.exe
[28/04/2026 14:55:09] SUCESSO: 
>>> ANALISANDO: LOTE_FRAUDE.dat
[28/04/2026 14:55:09] SUCESSO:    [PARSER] Iniciando leitura do conteúdo...
[28/04/2026 14:55:09] ERRO:    [NEGOCIO] Rejeitado: Quebra de integridade: Soma das transações não confere com o Header.
[28/04/2026 14:55:09] ERRO: >>> STATUS: REPROCESSAR - LOTE_FRAUDE.dat
[28/04/2026 14:55:09] SUCESSO: 
>>> ANALISANDO: LOTE_OK.dat
[28/04/2026 14:55:09] SUCESSO:    [PARSER] Iniciando leitura do conteúdo...
[28/04/2026 14:55:09] SUCESSO:    [NEGOCIO] Lote Identificado: SC-1001
[28/04/2026 14:55:09] SUCESSO:       [TX] ORIGEM -> DESTINO | R$ 100.0
[28/04/2026 14:55:09] SUCESSO: >>> STATUS: SUCESSO - LOTE_OK.dat
[28/04/2026 14:55:09] SUCESSO: [OPERAÇÃO] VARREDURA DE ENTRADA CONCLUÍDA

[28/04/2026 14:55:37] SUCESSO: [SIMULAÇÃO] Arquivos corrigidos e movidos para RETORNOS.
[28/04/2026 17:38:31] SUCESSO: [SISTEMA] Massa de dados injetada com sucesso.
[28/04/2026 17:39:11] SUCESSO: 
[OPERAÇÃO] INICIANDO VARREDURA DE ENTRADAS PADRÃO
[28/04/2026 17:39:11] SUCESSO: 
>>> ANALISANDO: AGENCIA_ERRO.txt
[28/04/2026 17:39:11] SUCESSO:    [PARSER] Iniciando leitura do conteúdo...
[28/04/2026 17:39:11] ERRO:    [NEGOCIO] Rejeitado: Valor numérico inválido na linha: 001;102;VALOR_INVALIDO
[28/04/2026 17:39:11] ERRO: >>> STATUS: REPROCESSAR - AGENCIA_ERRO.txt
[28/04/2026 17:39:11] SUCESSO: 
>>> ANALISANDO: AGENCIA_OK.txt
[28/04/2026 17:39:11] SUCESSO:    [PARSER] Iniciando leitura do conteúdo...
[28/04/2026 17:39:11] SUCESSO:    [NEGOCIO] Lote Identificado: AG-1001
[28/04/2026 17:39:11] SUCESSO:       [TX] 001 -> 102 | R$ 500.00
[28/04/2026 17:39:11] SUCESSO: >>> STATUS: SUCESSO - AGENCIA_OK.txt
[28/04/2026 17:39:11] SUCESSO: 
>>> ANALISANDO: FOTO_CLIENTE.jpg
[28/04/2026 17:39:11] ERRO:    [TRIAGEM] Bloqueado: Extensão não permitida.
[28/04/2026 17:39:11] ERRO: >>> STATUS: QUARENTENA - FOTO_CLIENTE.jpg
[28/04/2026 17:39:11] SUCESSO: 
>>> ANALISANDO: DESCONHECIDO.exe
[28/04/2026 17:39:11] ERRO:    [TRIAGEM] Bloqueado: Extensão não permitida.
[28/04/2026 17:39:11] ERRO: >>> STATUS: QUARENTENA - DESCONHECIDO.exe
[28/04/2026 17:39:11] SUCESSO: 
>>> ANALISANDO: LOTE_FRAUDE.dat
[28/04/2026 17:39:11] SUCESSO:    [PARSER] Iniciando leitura do conteúdo...
[28/04/2026 17:39:11] ERRO:    [NEGOCIO] Rejeitado: Quebra de integridade: Soma das transações não confere com o Header.
[28/04/2026 17:39:11] ERRO: >>> STATUS: REPROCESSAR - LOTE_FRAUDE.dat
[28/04/2026 17:39:11] SUCESSO: 
>>> ANALISANDO: LOTE_OK.dat
[28/04/2026 17:39:11] SUCESSO:    [PARSER] Iniciando leitura do conteúdo...
[28/04/2026 17:39:11] SUCESSO:    [NEGOCIO] Lote Identificado: SC-1001
[28/04/2026 17:39:11] SUCESSO:       [TX] ORIGEM -> DESTINO | R$ 100.0
[28/04/2026 17:39:11] SUCESSO: >>> STATUS: SUCESSO - LOTE_OK.dat
[28/04/2026 17:39:11] SUCESSO: [OPERAÇÃO] VARREDURA DE ENTRADA CONCLUÍDA

[28/04/2026 17:39:50] SUCESSO: 
[OPERAÇÃO] INICIANDO REPROCESSAMENTO DE RETORNOS
[28/04/2026 17:39:50] SUCESSO: 
>>> ANALISANDO: AGENCIA_RECUPERADA.txt
[28/04/2026 17:39:50] SUCESSO:    [PARSER] Iniciando leitura do conteúdo...
[28/04/2026 17:39:50] SUCESSO:    [NEGOCIO] Lote Identificado: AG-1001
[28/04/2026 17:39:50] SUCESSO:       [TX] 001 -> 100 | R$ 250.00
[28/04/2026 17:39:50] SUCESSO: >>> STATUS: SUCESSO - AGENCIA_RECUPERADA.txt
[28/04/2026 17:39:50] SUCESSO: 
>>> ANALISANDO: LOTE_RECUPERADO.dat
[28/04/2026 17:39:50] SUCESSO:    [PARSER] Iniciando leitura do conteúdo...
[28/04/2026 17:39:50] SUCESSO:    [NEGOCIO] Lote Identificado: SC-1066
[28/04/2026 17:39:50] SUCESSO:       [TX] ORIGEM -> DESTINO | R$ 100.0
[28/04/2026 17:39:50] SUCESSO: >>> STATUS: SUCESSO - LOTE_RECUPERADO.dat
[28/04/2026 17:39:50] SUCESSO: [OPERAÇÃO] REPROCESSAMENTO CONCLUÍDO

